library/build/intermediates/manifest_merge_blame_file/debug/manifest-merger-blame-debug-report.txt
1<?xml version="1.0" encoding="utf-8"?>
2<!--
3 * Copyright 2015 The AppAuth for Android Authors. All Rights Reserved.
4 *
5 * Licensed under the Apache License, Version 2.0 (the "License"); you may not use this file except
6 * in compliance with the License. You may obtain a copy of the License at
7 *
8 * http://www.apache.org/licenses/LICENSE-2.0
9 *
10 * Unless required by applicable law or agreed to in writing, software distributed under the
11 * License is distributed on an "AS IS" BASIS, WITHOUT WARRANTIES OR CONDITIONS OF ANY KIND, either
12 * express or implied. See the License for the specific language governing permissions and
13 * limitations under the License.
14-->
15<manifest xmlns:android="http://schemas.android.com/apk/res/android"
16    package="net.openid.appauth"
17    android:versionCode="1"
18    android:versionName="1.0" >
19
20    <uses-sdk
21        android:minSdkVersion="16"
21-->stayabode\library\AndroidManifest.xml
22        android:targetSdkVersion="30" />
22-->stayabode\library\AndroidManifest.xml
23
24    <uses-permission android:name="android.permission.INTERNET" />
24-->stayabode\library\AndroidManifest.xml:18:3-65
24-->stayabode\library\AndroidManifest.xml:18:20-62
25
26    <application>
26-->stayabode\library\AndroidManifest.xml:20:3-34:17
27        <activity
27-->stayabode\library\AndroidManifest.xml:21:5-24:41
28            android:name="net.openid.appauth.AuthorizationManagementActivity"
28-->stayabode\library\AndroidManifest.xml:21:15-62
29            android:exported="false"
29-->stayabode\library\AndroidManifest.xml:22:7-31
30            android:launchMode="singleTask"
30-->stayabode\library\AndroidManifest.xml:24:7-38
31            android:theme="@android:style/Theme.Translucent.NoTitleBar" />
31-->stayabode\library\AndroidManifest.xml:23:7-66
32        <activity
32-->stayabode\library\AndroidManifest.xml:26:5-33:16
33            android:name="net.openid.appauth.RedirectUriReceiverActivity"
33-->stayabode\library\AndroidManifest.xml:26:15-58
34            android:exported="true" >
34-->stayabode\library\AndroidManifest.xml:26:59-82
35            <intent-filter>
35-->stayabode\library\AndroidManifest.xml:27:7-32:23
36                <action android:name="android.intent.action.VIEW" />
36-->stayabode\library\AndroidManifest.xml:28:9-60
36-->stayabode\library\AndroidManifest.xml:28:17-58
37
38                <category android:name="android.intent.category.DEFAULT" />
38-->stayabode\library\AndroidManifest.xml:29:9-67
38-->stayabode\library\AndroidManifest.xml:29:19-65
39                <category android:name="android.intent.category.BROWSABLE" />
39-->stayabode\library\AndroidManifest.xml:30:9-69
39-->stayabode\library\AndroidManifest.xml:30:19-67
40
41                <data android:scheme="${appAuthRedirectScheme}" />
41-->stayabode\library\AndroidManifest.xml:31:9-58
41-->stayabode\library\AndroidManifest.xml:31:15-56
42            </intent-filter>
43        </activity>
44    </application>
45
46</manifest>